<?xml version="1.0" encoding="UTF-8" ?>
<testsuite failures="3" time="2.211" errors="0" skipped="0" tests="3" name="cn.chenzw.simple_axis2.ws.TestWeatherWs">
  <properties>
    <property name="java.runtime.name" value="Java(TM) SE Runtime Environment"/>
    <property name="sun.boot.library.path" value="C:\DPS\Java\jdk1.7.0_79\jre\bin"/>
    <property name="java.vm.version" value="24.79-b02"/>
    <property name="java.vm.vendor" value="Oracle Corporation"/>
    <property name="maven.multiModuleProjectDirectory" value="$M2_HOME"/>
    <property name="java.vendor.url" value="http://java.oracle.com/"/>
    <property name="path.separator" value=";"/>
    <property name="guice.disable.misplaced.annotation.check" value="true"/>
    <property name="java.vm.name" value="Java HotSpot(TM) 64-Bit Server VM"/>
    <property name="file.encoding.pkg" value="sun.io"/>
    <property name="user.script" value=""/>
    <property name="user.country" value="CN"/>
    <property name="sun.java.launcher" value="SUN_STANDARD"/>
    <property name="sun.os.patch.level" value=""/>
    <property name="java.vm.specification.name" value="Java Virtual Machine Specification"/>
    <property name="user.dir" value="C:\Users\chenzw\workspace\simple-axis2"/>
    <property name="java.runtime.version" value="1.7.0_79-b15"/>
    <property name="java.awt.graphicsenv" value="sun.awt.Win32GraphicsEnvironment"/>
    <property name="java.endorsed.dirs" value="C:\DPS\Java\jdk1.7.0_79\jre\lib\endorsed"/>
    <property name="os.arch" value="amd64"/>
    <property name="java.io.tmpdir" value="C:\Users\chenzw\AppData\Local\Temp\"/>
    <property name="line.separator" value="
"/>
    <property name="java.vm.specification.vendor" value="Oracle Corporation"/>
    <property name="user.variant" value=""/>
    <property name="os.name" value="Windows 8.1"/>
    <property name="classworlds.conf" value="C:\Users\chenzw\workspace\.metadata\.plugins\org.eclipse.m2e.launching\launches\m2conf2440183629603071633.tmp"/>
    <property name="sun.jnu.encoding" value="GBK"/>
    <property name="java.library.path" value="C:\DPS\Java\jdk1.7.0_79\bin;C:\Windows\Sun\Java\bin;C:\Windows\system32;C:\Windows;C:\DPS\oraclexe\app\oracle\product\11.2.0\server\bin;C:\DPS\Sencha\Sencha\Cmd\4.0.5.87;C:\Windows\system32;C:\Windows;C:\Windows\System32\Wbem;C:\Windows\System32\WindowsPowerShell\v1.0\;C:\Program Files\Intel\WiFi\bin\;C:\Program Files\Common Files\Intel\WirelessCommon\;C:\DPS\apache-maven-3.3.9\bin;C:\DPS\Java\jdk1.7.0_79\bin;C:\DPS\apache-ant-1.9.7\bin;C:\Program Files\MySQL\MySQL Utilities 1.6\;C:\DPS\Git\cmd;C:\DPS\Python\Python35\Scripts\;C:\DPS\Python\Python35\;C:\Program Files\Intel\WiFi\bin\;C:\Program Files\Common Files\Intel\WirelessCommon\;C:\DPS\Boot2Docker for Windows;C:\Users\chenzw\AppData\Local\atom\bin;."/>
    <property name="java.specification.name" value="Java Platform API Specification"/>
    <property name="java.class.version" value="51.0"/>
    <property name="sun.management.compiler" value="HotSpot 64-Bit Tiered Compilers"/>
    <property name="os.version" value="6.3"/>
    <property name="user.home" value="C:\Users\chenzw"/>
    <property name="user.timezone" value="Asia/Shanghai"/>
    <property name="java.awt.printerjob" value="sun.awt.windows.WPrinterJob"/>
    <property name="java.specification.version" value="1.7"/>
    <property name="file.encoding" value="GBK"/>
    <property name="user.name" value="chenzw"/>
    <property name="java.class.path" value="C:\DPS\apache-maven-3.3.9\boot\plexus-classworlds-2.5.2.jar"/>
    <property name="java.vm.specification.version" value="1.7"/>
    <property name="sun.arch.data.model" value="64"/>
    <property name="java.home" value="C:\DPS\Java\jdk1.7.0_79\jre"/>
    <property name="sun.java.command" value="org.codehaus.plexus.classworlds.launcher.Launcher -B -s C:\Users\chenzw\.m2\settings.xml tomcat7:redeploy"/>
    <property name="java.specification.vendor" value="Oracle Corporation"/>
    <property name="user.language" value="zh"/>
    <property name="awt.toolkit" value="sun.awt.windows.WToolkit"/>
    <property name="java.vm.info" value="mixed mode"/>
    <property name="java.version" value="1.7.0_79"/>
    <property name="java.ext.dirs" value="C:\DPS\Java\jdk1.7.0_79\jre\lib\ext;C:\Windows\Sun\Java\lib\ext"/>
    <property name="sun.boot.class.path" value="C:\DPS\Java\jdk1.7.0_79\jre\lib\resources.jar;C:\DPS\Java\jdk1.7.0_79\jre\lib\rt.jar;C:\DPS\Java\jdk1.7.0_79\jre\lib\sunrsasign.jar;C:\DPS\Java\jdk1.7.0_79\jre\lib\jsse.jar;C:\DPS\Java\jdk1.7.0_79\jre\lib\jce.jar;C:\DPS\Java\jdk1.7.0_79\jre\lib\charsets.jar;C:\DPS\Java\jdk1.7.0_79\jre\lib\jfr.jar;C:\DPS\Java\jdk1.7.0_79\jre\classes"/>
    <property name="java.vendor" value="Oracle Corporation"/>
    <property name="maven.home" value="C:\DPS\apache-maven-3.3.9"/>
    <property name="file.separator" value="\"/>
    <property name="java.vendor.url.bug" value="http://bugreport.sun.com/bugreport/"/>
    <property name="sun.cpu.endian" value="little"/>
    <property name="sun.io.unicode.encoding" value="UnicodeLittle"/>
    <property name="sun.desktop" value="windows"/>
    <property name="sun.cpu.isalist" value="amd64"/>
  </properties>
  <testcase time="1.781" classname="cn.chenzw.simple_axis2.ws.TestWeatherWs" name="cn.chenzw.simple_axis2.ws.TestWeatherWs.testComplexObje">
    <failure message="Transport error: 404 Error: Not Found" type="org.apache.axis2.AxisFault">org.apache.axis2.AxisFault: Transport error: 404 Error: Not Found
	at org.apache.axis2.transport.http.HTTPSender.handleResponse(HTTPSender.java:310)
	at org.apache.axis2.transport.http.HTTPSender.sendViaPost(HTTPSender.java:194)
	at org.apache.axis2.transport.http.HTTPSender.send(HTTPSender.java:75)
	at org.apache.axis2.transport.http.CommonsHTTPTransportSender.writeMessageWithCommons(CommonsHTTPTransportSender.java:404)
	at org.apache.axis2.transport.http.CommonsHTTPTransportSender.invoke(CommonsHTTPTransportSender.java:231)
	at org.apache.axis2.engine.AxisEngine.send(AxisEngine.java:443)
	at org.apache.axis2.description.OutInAxisOperationClient.send(OutInAxisOperation.java:406)
	at org.apache.axis2.description.OutInAxisOperationClient.executeImpl(OutInAxisOperation.java:229)
	at org.apache.axis2.client.OperationClient.execute(OperationClient.java:165)
	at org.apache.axis2.client.ServiceClient.sendReceive(ServiceClient.java:555)
	at org.apache.axis2.client.ServiceClient.sendReceive(ServiceClient.java:531)
	at org.apache.axis2.rpc.client.RPCServiceClient.invokeBlocking(RPCServiceClient.java:102)
	at cn.chenzw.simple_axis2.ws.TestWeatherWs.testComplexObje(TestWeatherWs.java:119)
</failure>
    <system-err>一月 20, 2017 2:47:40 下午 org.apache.axis2.deployment.ModuleDeployer deploy
信息: Deploying module: addressing-1.6.2 - file:/C:/Users/chenzw/.m2/repository/org/apache/axis2/axis2/1.6.2/axis2-1.6.2.jar
一月 20, 2017 2:47:40 下午 org.apache.axis2.transport.http.HTTPSender sendViaPost
信息: Unable to sendViaPost to url[http://localhost:8989/simple-axis2/services/weatherService]
org.apache.axis2.AxisFault: Transport error: 404 Error: Not Found
	at org.apache.axis2.transport.http.HTTPSender.handleResponse(HTTPSender.java:310)
	at org.apache.axis2.transport.http.HTTPSender.sendViaPost(HTTPSender.java:194)
	at org.apache.axis2.transport.http.HTTPSender.send(HTTPSender.java:75)
	at org.apache.axis2.transport.http.CommonsHTTPTransportSender.writeMessageWithCommons(CommonsHTTPTransportSender.java:404)
	at org.apache.axis2.transport.http.CommonsHTTPTransportSender.invoke(CommonsHTTPTransportSender.java:231)
	at org.apache.axis2.engine.AxisEngine.send(AxisEngine.java:443)
	at org.apache.axis2.description.OutInAxisOperationClient.send(OutInAxisOperation.java:406)
	at org.apache.axis2.description.OutInAxisOperationClient.executeImpl(OutInAxisOperation.java:229)
	at org.apache.axis2.client.OperationClient.execute(OperationClient.java:165)
	at org.apache.axis2.client.ServiceClient.sendReceive(ServiceClient.java:555)
	at org.apache.axis2.client.ServiceClient.sendReceive(ServiceClient.java:531)
	at org.apache.axis2.rpc.client.RPCServiceClient.invokeBlocking(RPCServiceClient.java:102)
	at cn.chenzw.simple_axis2.ws.TestWeatherWs.testComplexObje(TestWeatherWs.java:119)
	at sun.reflect.NativeMethodAccessorImpl.invoke0(Native Method)
	at sun.reflect.NativeMethodAccessorImpl.invoke(NativeMethodAccessorImpl.java:57)
	at sun.reflect.DelegatingMethodAccessorImpl.invoke(DelegatingMethodAccessorImpl.java:43)
	at java.lang.reflect.Method.invoke(Method.java:606)
	at org.apache.maven.surefire.junit.PojoTestSet.executeTestMethod(PojoTestSet.java:151)
	at org.apache.maven.surefire.junit.PojoTestSet.executeTestMethods(PojoTestSet.java:102)
	at org.apache.maven.surefire.junit.PojoTestSet.execute(PojoTestSet.java:83)
	at org.apache.maven.surefire.junit.JUnit3Provider.executeTestSet(JUnit3Provider.java:121)
	at org.apache.maven.surefire.junit.JUnit3Provider.invoke(JUnit3Provider.java:98)
	at sun.reflect.NativeMethodAccessorImpl.invoke0(Native Method)
	at sun.reflect.NativeMethodAccessorImpl.invoke(NativeMethodAccessorImpl.java:57)
	at sun.reflect.DelegatingMethodAccessorImpl.invoke(DelegatingMethodAccessorImpl.java:43)
	at java.lang.reflect.Method.invoke(Method.java:606)
	at org.apache.maven.surefire.util.ReflectionUtils.invokeMethodWithArray(ReflectionUtils.java:189)
	at org.apache.maven.surefire.booter.ProviderFactory$ProviderProxy.invoke(ProviderFactory.java:165)
	at org.apache.maven.surefire.booter.ProviderFactory.invokeProvider(ProviderFactory.java:85)
	at org.apache.maven.surefire.booter.ForkedBooter.runSuitesInProcess(ForkedBooter.java:115)
	at org.apache.maven.surefire.booter.ForkedBooter.main(ForkedBooter.java:75)

</system-err>
  </testcase>
  <testcase time="0.223" classname="cn.chenzw.simple_axis2.ws.TestWeatherWs" name="cn.chenzw.simple_axis2.ws.TestWeatherWs.testArgsAndReturnObj">
    <failure message="Transport error: 404 Error: Not Found" type="org.apache.axis2.AxisFault">org.apache.axis2.AxisFault: Transport error: 404 Error: Not Found
	at org.apache.axis2.transport.http.HTTPSender.handleResponse(HTTPSender.java:310)
	at org.apache.axis2.transport.http.HTTPSender.sendViaPost(HTTPSender.java:194)
	at org.apache.axis2.transport.http.HTTPSender.send(HTTPSender.java:75)
	at org.apache.axis2.transport.http.CommonsHTTPTransportSender.writeMessageWithCommons(CommonsHTTPTransportSender.java:404)
	at org.apache.axis2.transport.http.CommonsHTTPTransportSender.invoke(CommonsHTTPTransportSender.java:231)
	at org.apache.axis2.engine.AxisEngine.send(AxisEngine.java:443)
	at org.apache.axis2.description.OutInAxisOperationClient.send(OutInAxisOperation.java:406)
	at org.apache.axis2.description.OutInAxisOperationClient.executeImpl(OutInAxisOperation.java:229)
	at org.apache.axis2.client.OperationClient.execute(OperationClient.java:165)
	at org.apache.axis2.client.ServiceClient.sendReceive(ServiceClient.java:555)
	at org.apache.axis2.client.ServiceClient.sendReceive(ServiceClient.java:531)
	at org.apache.axis2.rpc.client.RPCServiceClient.invokeBlocking(RPCServiceClient.java:102)
	at cn.chenzw.simple_axis2.ws.TestWeatherWs.testArgsAndReturnObj(TestWeatherWs.java:54)
</failure>
    <system-err>一月 20, 2017 2:47:41 下午 org.apache.axis2.deployment.ModuleDeployer deploy
信息: Deploying module: addressing-1.6.2 - file:/C:/Users/chenzw/.m2/repository/org/apache/axis2/axis2/1.6.2/axis2-1.6.2.jar
一月 20, 2017 2:47:41 下午 org.apache.axis2.transport.http.HTTPSender sendViaPost
信息: Unable to sendViaPost to url[http://localhost:8989/simple-axis2/services/weatherService]
org.apache.axis2.AxisFault: Transport error: 404 Error: Not Found
	at org.apache.axis2.transport.http.HTTPSender.handleResponse(HTTPSender.java:310)
	at org.apache.axis2.transport.http.HTTPSender.sendViaPost(HTTPSender.java:194)
	at org.apache.axis2.transport.http.HTTPSender.send(HTTPSender.java:75)
	at org.apache.axis2.transport.http.CommonsHTTPTransportSender.writeMessageWithCommons(CommonsHTTPTransportSender.java:404)
	at org.apache.axis2.transport.http.CommonsHTTPTransportSender.invoke(CommonsHTTPTransportSender.java:231)
	at org.apache.axis2.engine.AxisEngine.send(AxisEngine.java:443)
	at org.apache.axis2.description.OutInAxisOperationClient.send(OutInAxisOperation.java:406)
	at org.apache.axis2.description.OutInAxisOperationClient.executeImpl(OutInAxisOperation.java:229)
	at org.apache.axis2.client.OperationClient.execute(OperationClient.java:165)
	at org.apache.axis2.client.ServiceClient.sendReceive(ServiceClient.java:555)
	at org.apache.axis2.client.ServiceClient.sendReceive(ServiceClient.java:531)
	at org.apache.axis2.rpc.client.RPCServiceClient.invokeBlocking(RPCServiceClient.java:102)
	at cn.chenzw.simple_axis2.ws.TestWeatherWs.testArgsAndReturnObj(TestWeatherWs.java:54)
	at sun.reflect.NativeMethodAccessorImpl.invoke0(Native Method)
	at sun.reflect.NativeMethodAccessorImpl.invoke(NativeMethodAccessorImpl.java:57)
	at sun.reflect.DelegatingMethodAccessorImpl.invoke(DelegatingMethodAccessorImpl.java:43)
	at java.lang.reflect.Method.invoke(Method.java:606)
	at org.apache.maven.surefire.junit.PojoTestSet.executeTestMethod(PojoTestSet.java:151)
	at org.apache.maven.surefire.junit.PojoTestSet.executeTestMethods(PojoTestSet.java:102)
	at org.apache.maven.surefire.junit.PojoTestSet.execute(PojoTestSet.java:83)
	at org.apache.maven.surefire.junit.JUnit3Provider.executeTestSet(JUnit3Provider.java:121)
	at org.apache.maven.surefire.junit.JUnit3Provider.invoke(JUnit3Provider.java:98)
	at sun.reflect.NativeMethodAccessorImpl.invoke0(Native Method)
	at sun.reflect.NativeMethodAccessorImpl.invoke(NativeMethodAccessorImpl.java:57)
	at sun.reflect.DelegatingMethodAccessorImpl.invoke(DelegatingMethodAccessorImpl.java:43)
	at java.lang.reflect.Method.invoke(Method.java:606)
	at org.apache.maven.surefire.util.ReflectionUtils.invokeMethodWithArray(ReflectionUtils.java:189)
	at org.apache.maven.surefire.booter.ProviderFactory$ProviderProxy.invoke(ProviderFactory.java:165)
	at org.apache.maven.surefire.booter.ProviderFactory.invokeProvider(ProviderFactory.java:85)
	at org.apache.maven.surefire.booter.ForkedBooter.runSuitesInProcess(ForkedBooter.java:115)
	at org.apache.maven.surefire.booter.ForkedBooter.main(ForkedBooter.java:75)

</system-err>
  </testcase>
  <testcase time="0.207" classname="cn.chenzw.simple_axis2.ws.TestWeatherWs" name="cn.chenzw.simple_axis2.ws.TestWeatherWs.testReturnList">
    <failure message="Transport error: 404 Error: Not Found" type="org.apache.axis2.AxisFault">org.apache.axis2.AxisFault: Transport error: 404 Error: Not Found
	at org.apache.axis2.transport.http.HTTPSender.handleResponse(HTTPSender.java:310)
	at org.apache.axis2.transport.http.HTTPSender.sendViaPost(HTTPSender.java:194)
	at org.apache.axis2.transport.http.HTTPSender.send(HTTPSender.java:75)
	at org.apache.axis2.transport.http.CommonsHTTPTransportSender.writeMessageWithCommons(CommonsHTTPTransportSender.java:404)
	at org.apache.axis2.transport.http.CommonsHTTPTransportSender.invoke(CommonsHTTPTransportSender.java:231)
	at org.apache.axis2.engine.AxisEngine.send(AxisEngine.java:443)
	at org.apache.axis2.description.OutInAxisOperationClient.send(OutInAxisOperation.java:406)
	at org.apache.axis2.description.OutInAxisOperationClient.executeImpl(OutInAxisOperation.java:229)
	at org.apache.axis2.client.OperationClient.execute(OperationClient.java:165)
	at org.apache.axis2.client.ServiceClient.sendReceive(ServiceClient.java:555)
	at org.apache.axis2.client.ServiceClient.sendReceive(ServiceClient.java:531)
	at org.apache.axis2.rpc.client.RPCServiceClient.invokeBlocking(RPCServiceClient.java:102)
	at cn.chenzw.simple_axis2.ws.TestWeatherWs.testReturnList(TestWeatherWs.java:79)
</failure>
    <system-err>一月 20, 2017 2:47:41 下午 org.apache.axis2.deployment.ModuleDeployer deploy
信息: Deploying module: addressing-1.6.2 - file:/C:/Users/chenzw/.m2/repository/org/apache/axis2/axis2/1.6.2/axis2-1.6.2.jar
一月 20, 2017 2:47:41 下午 org.apache.axis2.transport.http.HTTPSender sendViaPost
信息: Unable to sendViaPost to url[http://localhost:8989/simple-axis2/services/weatherService]
org.apache.axis2.AxisFault: Transport error: 404 Error: Not Found
	at org.apache.axis2.transport.http.HTTPSender.handleResponse(HTTPSender.java:310)
	at org.apache.axis2.transport.http.HTTPSender.sendViaPost(HTTPSender.java:194)
	at org.apache.axis2.transport.http.HTTPSender.send(HTTPSender.java:75)
	at org.apache.axis2.transport.http.CommonsHTTPTransportSender.writeMessageWithCommons(CommonsHTTPTransportSender.java:404)
	at org.apache.axis2.transport.http.CommonsHTTPTransportSender.invoke(CommonsHTTPTransportSender.java:231)
	at org.apache.axis2.engine.AxisEngine.send(AxisEngine.java:443)
	at org.apache.axis2.description.OutInAxisOperationClient.send(OutInAxisOperation.java:406)
	at org.apache.axis2.description.OutInAxisOperationClient.executeImpl(OutInAxisOperation.java:229)
	at org.apache.axis2.client.OperationClient.execute(OperationClient.java:165)
	at org.apache.axis2.client.ServiceClient.sendReceive(ServiceClient.java:555)
	at org.apache.axis2.client.ServiceClient.sendReceive(ServiceClient.java:531)
	at org.apache.axis2.rpc.client.RPCServiceClient.invokeBlocking(RPCServiceClient.java:102)
	at cn.chenzw.simple_axis2.ws.TestWeatherWs.testReturnList(TestWeatherWs.java:79)
	at sun.reflect.NativeMethodAccessorImpl.invoke0(Native Method)
	at sun.reflect.NativeMethodAccessorImpl.invoke(NativeMethodAccessorImpl.java:57)
	at sun.reflect.DelegatingMethodAccessorImpl.invoke(DelegatingMethodAccessorImpl.java:43)
	at java.lang.reflect.Method.invoke(Method.java:606)
	at org.apache.maven.surefire.junit.PojoTestSet.executeTestMethod(PojoTestSet.java:151)
	at org.apache.maven.surefire.junit.PojoTestSet.executeTestMethods(PojoTestSet.java:102)
	at org.apache.maven.surefire.junit.PojoTestSet.execute(PojoTestSet.java:83)
	at org.apache.maven.surefire.junit.JUnit3Provider.executeTestSet(JUnit3Provider.java:121)
	at org.apache.maven.surefire.junit.JUnit3Provider.invoke(JUnit3Provider.java:98)
	at sun.reflect.NativeMethodAccessorImpl.invoke0(Native Method)
	at sun.reflect.NativeMethodAccessorImpl.invoke(NativeMethodAccessorImpl.java:57)
	at sun.reflect.DelegatingMethodAccessorImpl.invoke(DelegatingMethodAccessorImpl.java:43)
	at java.lang.reflect.Method.invoke(Method.java:606)
	at org.apache.maven.surefire.util.ReflectionUtils.invokeMethodWithArray(ReflectionUtils.java:189)
	at org.apache.maven.surefire.booter.ProviderFactory$ProviderProxy.invoke(ProviderFactory.java:165)
	at org.apache.maven.surefire.booter.ProviderFactory.invokeProvider(ProviderFactory.java:85)
	at org.apache.maven.surefire.booter.ForkedBooter.runSuitesInProcess(ForkedBooter.java:115)
	at org.apache.maven.surefire.booter.ForkedBooter.main(ForkedBooter.java:75)

</system-err>
  </testcase>
</testsuite>